  Camera.cpp
  EBO.cpp
  Main.cpp
  Mesh.cpp
C:\Users\Evripidis\Desktop\OpenGL-Cpp-Learning\Mesh.cpp(80,65): warning C4267: 'argument': conversion from 'size_t' to 'GLsizei', possible loss of data
  Model.cpp
C:\Users\Evripidis\Desktop\OpenGL-Cpp-Learning\Model.cpp(262,93): warning C4267: 'argument': conversion from 'size_t' to 'GLuint', possible loss of data
C:\Users\Evripidis\Desktop\OpenGL-Cpp-Learning\Model.cpp(270,95): warning C4267: 'argument': conversion from 'size_t' to 'GLuint', possible loss of data
  ShaderClass.cpp
  stb.cpp
  Texture.cpp
  VAO.cpp
C:\Users\Evripidis\Desktop\OpenGL-Cpp-Learning\VAO.cpp(13,63): warning C4244: 'argument': conversion from 'GLsizeiptr' to 'GLsizei', possible loss of data
  VBO.cpp
  Generating Code...
  glad.c
  LINK : C:\Users\Evripidis\Desktop\OpenGL-Cpp-Learning\x64\Debug\OpenGL_Cpp_Learning.exe not found or not built by the last incremental link; performing full link
glfw3.lib(input.obj) : warning LNK4099: PDB 'glfw3.pdb' was not found with 'glfw3.lib(input.obj)' or at 'C:\Users\Evripidis\Desktop\OpenGL-Cpp-Learning\x64\Debug\glfw3.pdb'; linking object as if no debug info
glfw3.lib(init.obj) : warning LNK4099: PDB 'glfw3.pdb' was not found with 'glfw3.lib(init.obj)' or at 'C:\Users\Evripidis\Desktop\OpenGL-Cpp-Learning\x64\Debug\glfw3.pdb'; linking object as if no debug info
glfw3.lib(window.obj) : warning LNK4099: PDB 'glfw3.pdb' was not found with 'glfw3.lib(window.obj)' or at 'C:\Users\Evripidis\Desktop\OpenGL-Cpp-Learning\x64\Debug\glfw3.pdb'; linking object as if no debug info
glfw3.lib(context.obj) : warning LNK4099: PDB 'glfw3.pdb' was not found with 'glfw3.lib(context.obj)' or at 'C:\Users\Evripidis\Desktop\OpenGL-Cpp-Learning\x64\Debug\glfw3.pdb'; linking object as if no debug info
glfw3.lib(win32_window.obj) : warning LNK4099: PDB 'glfw3.pdb' was not found with 'glfw3.lib(win32_window.obj)' or at 'C:\Users\Evripidis\Desktop\OpenGL-Cpp-Learning\x64\Debug\glfw3.pdb'; linking object as if no debug info
glfw3.lib(win32_joystick.obj) : warning LNK4099: PDB 'glfw3.pdb' was not found with 'glfw3.lib(win32_joystick.obj)' or at 'C:\Users\Evripidis\Desktop\OpenGL-Cpp-Learning\x64\Debug\glfw3.pdb'; linking object as if no debug info
glfw3.lib(win32_time.obj) : warning LNK4099: PDB 'glfw3.pdb' was not found with 'glfw3.lib(win32_time.obj)' or at 'C:\Users\Evripidis\Desktop\OpenGL-Cpp-Learning\x64\Debug\glfw3.pdb'; linking object as if no debug info
glfw3.lib(win32_init.obj) : warning LNK4099: PDB 'glfw3.pdb' was not found with 'glfw3.lib(win32_init.obj)' or at 'C:\Users\Evripidis\Desktop\OpenGL-Cpp-Learning\x64\Debug\glfw3.pdb'; linking object as if no debug info
glfw3.lib(win32_monitor.obj) : warning LNK4099: PDB 'glfw3.pdb' was not found with 'glfw3.lib(win32_monitor.obj)' or at 'C:\Users\Evripidis\Desktop\OpenGL-Cpp-Learning\x64\Debug\glfw3.pdb'; linking object as if no debug info
glfw3.lib(win32_thread.obj) : warning LNK4099: PDB 'glfw3.pdb' was not found with 'glfw3.lib(win32_thread.obj)' or at 'C:\Users\Evripidis\Desktop\OpenGL-Cpp-Learning\x64\Debug\glfw3.pdb'; linking object as if no debug info
glfw3.lib(monitor.obj) : warning LNK4099: PDB 'glfw3.pdb' was not found with 'glfw3.lib(monitor.obj)' or at 'C:\Users\Evripidis\Desktop\OpenGL-Cpp-Learning\x64\Debug\glfw3.pdb'; linking object as if no debug info
glfw3.lib(vulkan.obj) : warning LNK4099: PDB 'glfw3.pdb' was not found with 'glfw3.lib(vulkan.obj)' or at 'C:\Users\Evripidis\Desktop\OpenGL-Cpp-Learning\x64\Debug\glfw3.pdb'; linking object as if no debug info
glfw3.lib(wgl_context.obj) : warning LNK4099: PDB 'glfw3.pdb' was not found with 'glfw3.lib(wgl_context.obj)' or at 'C:\Users\Evripidis\Desktop\OpenGL-Cpp-Learning\x64\Debug\glfw3.pdb'; linking object as if no debug info
glfw3.lib(egl_context.obj) : warning LNK4099: PDB 'glfw3.pdb' was not found with 'glfw3.lib(egl_context.obj)' or at 'C:\Users\Evripidis\Desktop\OpenGL-Cpp-Learning\x64\Debug\glfw3.pdb'; linking object as if no debug info
glfw3.lib(osmesa_context.obj) : warning LNK4099: PDB 'glfw3.pdb' was not found with 'glfw3.lib(osmesa_context.obj)' or at 'C:\Users\Evripidis\Desktop\OpenGL-Cpp-Learning\x64\Debug\glfw3.pdb'; linking object as if no debug info
  OpenGL_Cpp_Learning.vcxproj -> C:\Users\Evripidis\Desktop\OpenGL-Cpp-Learning\x64\Debug\OpenGL_Cpp_Learning.exe
