c:\users\evripidis\desktop\opengl-cpp-learning (model loading)\x64\debug\vc143.pdb
c:\users\evripidis\desktop\opengl-cpp-learning (model loading)\x64\debug\vc143.idb
c:\users\evripidis\desktop\opengl-cpp-learning (model loading)\x64\debug\vbo.obj
c:\users\evripidis\desktop\opengl-cpp-learning (model loading)\x64\debug\vao.obj
c:\users\evripidis\desktop\opengl-cpp-learning (model loading)\x64\debug\texture.obj
c:\users\evripidis\desktop\opengl-cpp-learning (model loading)\x64\debug\stb.obj
c:\users\evripidis\desktop\opengl-cpp-learning (model loading)\x64\debug\shaderclass.obj
c:\users\evripidis\desktop\opengl-cpp-learning (model loading)\x64\debug\model.obj
c:\users\evripidis\desktop\opengl-cpp-learning (model loading)\x64\debug\mesh.obj
c:\users\evripidis\desktop\opengl-cpp-learning (model loading)\x64\debug\main.obj
c:\users\evripidis\desktop\opengl-cpp-learning (model loading)\x64\debug\ebo.obj
c:\users\evripidis\desktop\opengl-cpp-learning (model loading)\x64\debug\camera.obj
c:\users\evripidis\desktop\opengl-cpp-learning (model loading)\x64\debug\glad.obj
c:\users\evripidis\desktop\opengl-cpp-learning (model loading)\x64\debug\opengl_cpp_learning.exe
c:\users\evripidis\desktop\opengl-cpp-learning (model loading)\x64\debug\opengl_cpp_learning.ilk
c:\users\evripidis\desktop\opengl-cpp-learning (model loading)\x64\debug\opengl_cpp_learning.pdb
c:\users\evripidis\desktop\opengl-cpp-learning (model loading)\x64\debug\ebo.obj.enc
c:\users\evripidis\desktop\opengl-cpp-learning (model loading)\x64\debug\main.obj.enc
c:\users\evripidis\desktop\opengl-cpp-learning (model loading)\x64\debug\shaderclass.obj.enc
c:\users\evripidis\desktop\opengl-cpp-learning (model loading)\x64\debug\vao.obj.enc
c:\users\evripidis\desktop\opengl-cpp-learning (model loading)\x64\debug\vbo.obj.enc
c:\users\evripidis\desktop\opengl-cpp-learning (model loading)\x64\debug\vc142.idb
c:\users\evripidis\desktop\opengl-cpp-learning (model loading)\x64\debug\vc142.pdb
c:\users\evripidis\desktop\opengl-cpp-learning (model loading)\x64\debug\opengl_c.092c223d.tlog\cl.command.1.tlog
c:\users\evripidis\desktop\opengl-cpp-learning (model loading)\x64\debug\opengl_c.092c223d.tlog\cl.read.1.tlog
c:\users\evripidis\desktop\opengl-cpp-learning (model loading)\x64\debug\opengl_c.092c223d.tlog\cl.write.1.tlog
c:\users\evripidis\desktop\opengl-cpp-learning (model loading)\x64\debug\opengl_c.092c223d.tlog\link.command.1.tlog
c:\users\evripidis\desktop\opengl-cpp-learning (model loading)\x64\debug\opengl_c.092c223d.tlog\link.read.1.tlog
c:\users\evripidis\desktop\opengl-cpp-learning (model loading)\x64\debug\opengl_c.092c223d.tlog\link.write.1.tlog
